2020-11-13 12:02:40,531 [main] [com.example.demo.SpringbootMultiResourcesApplication] [INFO] (StartupInfoLogger.java:55)- Starting SpringbootMultiResourcesApplication on DESKTOP-MPF9R39 with PID 26560 (E:\workspace-spring-tool-suite-4-4.1.2.RELEASE\springboot-multi-resources\target\classes started by zuoruibo in E:\workspace-spring-tool-suite-4-4.1.2.RELEASE\springboot-multi-resources)
2020-11-13 12:02:40,532 [main] [com.example.demo.SpringbootMultiResourcesApplication] [DEBUG] (StartupInfoLogger.java:56)- Running with Spring Boot v2.2.11.RELEASE, Spring v5.2.10.RELEASE
2020-11-13 12:02:40,532 [main] [com.example.demo.SpringbootMultiResourcesApplication] [INFO] (SpringApplication.java:655)- The following profiles are active: dev
2020-11-13 12:02:42,159 [main] [com.example.demo.SpringbootMultiResourcesApplication] [INFO] (StartupInfoLogger.java:61)- Started SpringbootMultiResourcesApplication in 2.064 seconds (JVM running for 3.717)
2020-11-13 12:10:42,050 [http-nio-9090-exec-1] [com.example.demo.config.MyHttpInterceptor] [INFO] (MyHttpInterceptor.java:45)- 请求参数, url: http://localhost:9090/error, method: GET, params: null
2020-11-13 12:10:42,414 [http-nio-9090-exec-2] [com.example.demo.config.MyHttpInterceptor] [INFO] (MyHttpInterceptor.java:45)- 请求参数, url: http://localhost:9090/error, method: GET, params: null
2020-11-13 12:10:43,013 [http-nio-9090-exec-3] [com.example.demo.config.MyHttpInterceptor] [INFO] (MyHttpInterceptor.java:45)- 请求参数, url: http://localhost:9090/error, method: GET, params: null
2020-11-13 12:10:43,354 [http-nio-9090-exec-4] [com.example.demo.config.MyHttpInterceptor] [INFO] (MyHttpInterceptor.java:45)- 请求参数, url: http://localhost:9090/listCities, method: GET, params: null
2020-11-13 12:10:48,696 [http-nio-9090-exec-4] [com.example.demo.config.MyHttpInterceptor] [INFO] (MyHttpInterceptor.java:45)- 请求参数, url: http://localhost:9090/error, method: GET, params: null
2020-11-13 12:11:54,538 [main] [com.example.demo.SpringbootMultiResourcesApplication] [INFO] (StartupInfoLogger.java:55)- Starting SpringbootMultiResourcesApplication on DESKTOP-MPF9R39 with PID 5524 (E:\workspace-spring-tool-suite-4-4.1.2.RELEASE\springboot-multi-resources\target\classes started by zuoruibo in E:\workspace-spring-tool-suite-4-4.1.2.RELEASE\springboot-multi-resources)
2020-11-13 12:11:54,538 [main] [com.example.demo.SpringbootMultiResourcesApplication] [DEBUG] (StartupInfoLogger.java:56)- Running with Spring Boot v2.2.11.RELEASE, Spring v5.2.10.RELEASE
2020-11-13 12:11:54,539 [main] [com.example.demo.SpringbootMultiResourcesApplication] [INFO] (SpringApplication.java:655)- The following profiles are active: dev
2020-11-13 12:11:56,504 [main] [com.example.demo.SpringbootMultiResourcesApplication] [INFO] (StartupInfoLogger.java:61)- Started SpringbootMultiResourcesApplication in 2.569 seconds (JVM running for 4.683)
2020-11-13 12:12:02,360 [http-nio-9090-exec-1] [com.example.demo.config.MyHttpInterceptor] [INFO] (MyHttpInterceptor.java:45)- 请求参数, url: http://localhost:9090/listCities, method: GET, params: null
2020-11-13 12:12:02,627 [http-nio-9090-exec-1] [com.example.demo.vo.CityVo.listCities] [DEBUG] (BaseJdbcLogger.java:145)- ==>  Preparing: select * from city 
2020-11-13 12:12:02,656 [http-nio-9090-exec-1] [com.example.demo.vo.CityVo.listCities] [DEBUG] (BaseJdbcLogger.java:145)- ==> Parameters: 
2020-11-13 12:12:02,691 [http-nio-9090-exec-1] [com.example.demo.vo.CityVo.listCities] [DEBUG] (BaseJdbcLogger.java:145)- <==      Total: 3
2020-11-13 12:12:40,804 [main] [com.example.demo.SpringbootMultiResourcesApplication] [INFO] (StartupInfoLogger.java:55)- Starting SpringbootMultiResourcesApplication on DESKTOP-MPF9R39 with PID 26812 (E:\workspace-spring-tool-suite-4-4.1.2.RELEASE\springboot-multi-resources\target\classes started by zuoruibo in E:\workspace-spring-tool-suite-4-4.1.2.RELEASE\springboot-multi-resources)
2020-11-13 12:12:40,805 [main] [com.example.demo.SpringbootMultiResourcesApplication] [INFO] (SpringApplication.java:655)- The following profiles are active: prod
2020-11-13 12:12:43,478 [main] [com.example.demo.SpringbootMultiResourcesApplication] [INFO] (StartupInfoLogger.java:61)- Started SpringbootMultiResourcesApplication in 3.41 seconds (JVM running for 5.949)
2020-11-13 12:12:55,993 [http-nio-9090-exec-3] [com.example.demo.config.MyHttpInterceptor] [INFO] (MyHttpInterceptor.java:45)- 请求参数, url: http://localhost:9090/listCities, method: GET, params: null
